{"C:\\Users\\coleg\\Downloads\\thinksenselabs_projects\\math-tutor-site\\src\\App.tsx": {"path":"C:\\Users\\coleg\\Downloads\\thinksenselabs_projects\\math-tutor-site\\src\\App.tsx","statementMap":{"0":{"start":{"line":13,"column":2},"end":{"line":25,"column":null}}},"fnMap":{"0":{"name":"App","decl":{"start":{"line":12,"column":24},"end":{"line":12,"column":30}},"loc":{"start":{"line":12,"column":30},"end":{"line":27,"column":null}},"line":12}},"branchMap":{},"s":{"0":3},"f":{"0":3},"b":{},"meta":{"lastBranch":0,"lastFunction":1,"lastStatement":1,"seen":{"f:12:24:12:30":0,"s:13:2:25:Infinity":0}}}
,"C:\\Users\\coleg\\Downloads\\thinksenselabs_projects\\math-tutor-site\\src\\components\\layout\\Footer.tsx": {"path":"C:\\Users\\coleg\\Downloads\\thinksenselabs_projects\\math-tutor-site\\src\\components\\layout\\Footer.tsx","statementMap":{"0":{"start":{"line":3,"column":20},"end":{"line":16,"column":null}},"1":{"start":{"line":18,"column":20},"end":{"line":48,"column":null}},"2":{"start":{"line":51,"column":8},"end":{"line":51,"column":null}},"3":{"start":{"line":53,"column":2},"end":{"line":125,"column":null}},"4":{"start":{"line":69,"column":16},"end":{"line":78,"column":null}},"5":{"start":{"line":88,"column":16},"end":{"line":95,"column":null}},"6":{"start":{"line":105,"column":16},"end":{"line":112,"column":null}}},"fnMap":{"0":{"name":"Footer","decl":{"start":{"line":50,"column":24},"end":{"line":50,"column":33}},"loc":{"start":{"line":50,"column":33},"end":{"line":127,"column":null}},"line":50},"1":{"name":"(anonymous_1)","decl":{"start":{"line":68,"column":31},"end":{"line":68,"column":32}},"loc":{"start":{"line":69,"column":16},"end":{"line":78,"column":null}},"line":69},"2":{"name":"(anonymous_2)","decl":{"start":{"line":87,"column":42},"end":{"line":87,"column":43}},"loc":{"start":{"line":88,"column":16},"end":{"line":95,"column":null}},"line":88},"3":{"name":"(anonymous_3)","decl":{"start":{"line":104,"column":40},"end":{"line":104,"column":41}},"loc":{"start":{"line":105,"column":16},"end":{"line":112,"column":null}},"line":105}},"branchMap":{},"s":{"0":2,"1":2,"2":8,"3":8,"4":16,"5":32,"6":32},"f":{"0":8,"1":16,"2":32,"3":32},"b":{},"meta":{"lastBranch":0,"lastFunction":4,"lastStatement":7,"seen":{"s:3:20:16:Infinity":0,"s:18:20:48:Infinity":1,"f:50:24:50:33":0,"s:51:8:51:Infinity":2,"s:53:2:125:Infinity":3,"f:68:31:68:32":1,"s:69:16:78:Infinity":4,"f:87:42:87:43":2,"s:88:16:95:Infinity":5,"f:104:40:104:41":3,"s:105:16:112:Infinity":6}}}
,"C:\\Users\\coleg\\Downloads\\thinksenselabs_projects\\math-tutor-site\\src\\components\\layout\\Layout.tsx": {"path":"C:\\Users\\coleg\\Downloads\\thinksenselabs_projects\\math-tutor-site\\src\\components\\layout\\Layout.tsx","statementMap":{"0":{"start":{"line":6,"column":2},"end":{"line":13,"column":null}}},"fnMap":{"0":{"name":"Layout","decl":{"start":{"line":5,"column":24},"end":{"line":5,"column":33}},"loc":{"start":{"line":5,"column":33},"end":{"line":15,"column":null}},"line":5}},"branchMap":{},"s":{"0":3},"f":{"0":3},"b":{},"meta":{"lastBranch":0,"lastFunction":1,"lastStatement":1,"seen":{"f:5:24:5:33":0,"s:6:2:13:Infinity":0}}}
,"C:\\Users\\coleg\\Downloads\\thinksenselabs_projects\\math-tutor-site\\src\\components\\layout\\Navbar.tsx": {"path":"C:\\Users\\coleg\\Downloads\\thinksenselabs_projects\\math-tutor-site\\src\\components\\layout\\Navbar.tsx","statementMap":{"0":{"start":{"line":4,"column":17},"end":{"line":10,"column":null}},"1":{"start":{"line":13,"column":34},"end":{"line":13,"column":null}},"2":{"start":{"line":14,"column":8},"end":{"line":14,"column":null}},"3":{"start":{"line":16,"column":21},"end":{"line":16,"column":null}},"4":{"start":{"line":16,"column":27},"end":{"line":16,"column":null}},"5":{"start":{"line":18,"column":24},"end":{"line":23,"column":null}},"6":{"start":{"line":19,"column":4},"end":{"line":22,"column":null}},"7":{"start":{"line":20,"column":6},"end":{"line":20,"column":null}},"8":{"start":{"line":21,"column":6},"end":{"line":21,"column":null}},"9":{"start":{"line":25,"column":2},"end":{"line":126,"column":null}},"10":{"start":{"line":40,"column":14},"end":{"line":48,"column":null}},"11":{"start":{"line":103,"column":14},"end":{"line":114,"column":null}},"12":{"start":{"line":106,"column":31},"end":{"line":106,"column":null}},"13":{"start":{"line":118,"column":29},"end":{"line":118,"column":null}}},"fnMap":{"0":{"name":"Navbar","decl":{"start":{"line":12,"column":24},"end":{"line":12,"column":33}},"loc":{"start":{"line":12,"column":33},"end":{"line":128,"column":null}},"line":12},"1":{"name":"(anonymous_1)","decl":{"start":{"line":16,"column":21},"end":{"line":16,"column":27}},"loc":{"start":{"line":16,"column":27},"end":{"line":16,"column":null}},"line":16},"2":{"name":"(anonymous_2)","decl":{"start":{"line":18,"column":24},"end":{"line":18,"column":25}},"loc":{"start":{"line":18,"column":52},"end":{"line":23,"column":null}},"line":18},"3":{"name":"(anonymous_3)","decl":{"start":{"line":39,"column":26},"end":{"line":39,"column":27}},"loc":{"start":{"line":40,"column":14},"end":{"line":48,"column":null}},"line":40},"4":{"name":"(anonymous_4)","decl":{"start":{"line":102,"column":26},"end":{"line":102,"column":27}},"loc":{"start":{"line":103,"column":14},"end":{"line":114,"column":null}},"line":103},"5":{"name":"(anonymous_5)","decl":{"start":{"line":106,"column":25},"end":{"line":106,"column":31}},"loc":{"start":{"line":106,"column":31},"end":{"line":106,"column":null}},"line":106},"6":{"name":"(anonymous_6)","decl":{"start":{"line":118,"column":23},"end":{"line":118,"column":29}},"loc":{"start":{"line":118,"column":29},"end":{"line":118,"column":null}},"line":118}},"branchMap":{"0":{"loc":{"start":{"line":19,"column":4},"end":{"line":22,"column":null}},"type":"if","locations":[{"start":{"line":19,"column":4},"end":{"line":22,"column":null}},{"start":{},"end":{}}],"line":19},"1":{"loc":{"start":{"line":19,"column":8},"end":{"line":19,"column":44}},"type":"binary-expr","locations":[{"start":{"line":19,"column":8},"end":{"line":19,"column":29}},{"start":{"line":19,"column":29},"end":{"line":19,"column":44}}],"line":19},"2":{"loc":{"start":{"line":44,"column":18},"end":{"line":44,"column":null}},"type":"cond-expr","locations":[{"start":{"line":44,"column":52},"end":{"line":44,"column":68}},{"start":{"line":44,"column":68},"end":{"line":44,"column":null}}],"line":44},"3":{"loc":{"start":{"line":66,"column":24},"end":{"line":66,"column":null}},"type":"cond-expr","locations":[{"start":{"line":66,"column":37},"end":{"line":66,"column":52}},{"start":{"line":66,"column":52},"end":{"line":66,"column":null}}],"line":66},"4":{"loc":{"start":{"line":75,"column":15},"end":{"line":88,"column":null}},"type":"cond-expr","locations":[{"start":{"line":76,"column":16},"end":{"line":81,"column":null}},{"start":{"line":83,"column":16},"end":{"line":88,"column":null}}],"line":75},"5":{"loc":{"start":{"line":98,"column":12},"end":{"line":98,"column":null}},"type":"cond-expr","locations":[{"start":{"line":98,"column":25},"end":{"line":98,"column":50}},{"start":{"line":98,"column":50},"end":{"line":98,"column":null}}],"line":98},"6":{"loc":{"start":{"line":108,"column":18},"end":{"line":110,"column":null}},"type":"cond-expr","locations":[{"start":{"line":109,"column":22},"end":{"line":109,"column":null}},{"start":{"line":110,"column":22},"end":{"line":110,"column":null}}],"line":108}},"s":{"0":2,"1":12,"2":12,"3":12,"4":4,"5":12,"6":2,"7":2,"8":2,"9":12,"10":60,"11":60,"12":0,"13":0},"f":{"0":12,"1":4,"2":2,"3":60,"4":60,"5":0,"6":0},"b":{"0":[2,0],"1":[2,1],"2":[12,48],"3":[2,10],"4":[2,10],"5":[2,10],"6":[12,48]},"meta":{"lastBranch":7,"lastFunction":7,"lastStatement":14,"seen":{"s:4:17:10:Infinity":0,"f:12:24:12:33":0,"s:13:34:13:Infinity":1,"s:14:8:14:Infinity":2,"s:16:21:16:Infinity":3,"f:16:21:16:27":1,"s:16:27:16:Infinity":4,"s:18:24:23:Infinity":5,"f:18:24:18:25":2,"b:19:4:22:Infinity:undefined:undefined:undefined:undefined":0,"s:19:4:22:Infinity":6,"b:19:8:19:29:19:29:19:44":1,"s:20:6:20:Infinity":7,"s:21:6:21:Infinity":8,"s:25:2:126:Infinity":9,"f:39:26:39:27":3,"s:40:14:48:Infinity":10,"b:44:52:44:68:44:68:44:Infinity":2,"b:66:37:66:52:66:52:66:Infinity":3,"b:76:16:81:Infinity:83:16:88:Infinity":4,"b:98:25:98:50:98:50:98:Infinity":5,"f:102:26:102:27":4,"s:103:14:114:Infinity":11,"f:106:25:106:31":5,"s:106:31:106:Infinity":12,"b:109:22:109:Infinity:110:22:110:Infinity":6,"f:118:23:118:29":6,"s:118:29:118:Infinity":13}}}
,"C:\\Users\\coleg\\Downloads\\thinksenselabs_projects\\math-tutor-site\\src\\components\\ui\\Accordion.tsx": {"path":"C:\\Users\\coleg\\Downloads\\thinksenselabs_projects\\math-tutor-site\\src\\components\\ui\\Accordion.tsx","statementMap":{"0":{"start":{"line":15,"column":32},"end":{"line":15,"column":null}},"1":{"start":{"line":16,"column":8},"end":{"line":16,"column":null}},"2":{"start":{"line":18,"column":21},"end":{"line":31,"column":null}},"3":{"start":{"line":19,"column":4},"end":{"line":30,"column":null}},"4":{"start":{"line":20,"column":19},"end":{"line":20,"column":null}},"5":{"start":{"line":21,"column":6},"end":{"line":28,"column":null}},"6":{"start":{"line":22,"column":8},"end":{"line":22,"column":null}},"7":{"start":{"line":24,"column":8},"end":{"line":26,"column":null}},"8":{"start":{"line":25,"column":10},"end":{"line":25,"column":null}},"9":{"start":{"line":27,"column":8},"end":{"line":27,"column":null}},"10":{"start":{"line":29,"column":6},"end":{"line":29,"column":null}},"11":{"start":{"line":33,"column":24},"end":{"line":38,"column":null}},"12":{"start":{"line":34,"column":4},"end":{"line":37,"column":null}},"13":{"start":{"line":35,"column":6},"end":{"line":35,"column":null}},"14":{"start":{"line":36,"column":6},"end":{"line":36,"column":null}},"15":{"start":{"line":40,"column":2},"end":{"line":92,"column":null}},"16":{"start":{"line":43,"column":23},"end":{"line":43,"column":null}},"17":{"start":{"line":44,"column":25},"end":{"line":44,"column":null}},"18":{"start":{"line":45,"column":24},"end":{"line":45,"column":null}},"19":{"start":{"line":47,"column":8},"end":{"line":89,"column":null}},"20":{"start":{"line":56,"column":29},"end":{"line":56,"column":null}},"21":{"start":{"line":57,"column":32},"end":{"line":57,"column":null}}},"fnMap":{"0":{"name":"Accordion","decl":{"start":{"line":14,"column":24},"end":{"line":14,"column":34}},"loc":{"start":{"line":14,"column":84},"end":{"line":94,"column":null}},"line":14},"1":{"name":"(anonymous_1)","decl":{"start":{"line":18,"column":21},"end":{"line":18,"column":22}},"loc":{"start":{"line":18,"column":37},"end":{"line":31,"column":null}},"line":18},"2":{"name":"(anonymous_2)","decl":{"start":{"line":19,"column":17},"end":{"line":19,"column":18}},"loc":{"start":{"line":19,"column":27},"end":{"line":30,"column":5}},"line":19},"3":{"name":"(anonymous_3)","decl":{"start":{"line":33,"column":24},"end":{"line":33,"column":25}},"loc":{"start":{"line":33,"column":64},"end":{"line":38,"column":null}},"line":33},"4":{"name":"(anonymous_4)","decl":{"start":{"line":42,"column":17},"end":{"line":42,"column":18}},"loc":{"start":{"line":42,"column":27},"end":{"line":91,"column":7}},"line":42},"5":{"name":"(anonymous_5)","decl":{"start":{"line":56,"column":23},"end":{"line":56,"column":29}},"loc":{"start":{"line":56,"column":29},"end":{"line":56,"column":null}},"line":56},"6":{"name":"(anonymous_6)","decl":{"start":{"line":57,"column":25},"end":{"line":57,"column":26}},"loc":{"start":{"line":57,"column":32},"end":{"line":57,"column":null}},"line":57}},"branchMap":{"0":{"loc":{"start":{"line":14,"column":43},"end":{"line":14,"column":65}},"type":"default-arg","locations":[{"start":{"line":14,"column":59},"end":{"line":14,"column":65}}],"line":14},"1":{"loc":{"start":{"line":21,"column":6},"end":{"line":28,"column":null}},"type":"if","locations":[{"start":{"line":21,"column":6},"end":{"line":28,"column":null}},{"start":{"line":23,"column":13},"end":{"line":28,"column":null}}],"line":21},"2":{"loc":{"start":{"line":24,"column":8},"end":{"line":26,"column":null}},"type":"if","locations":[{"start":{"line":24,"column":8},"end":{"line":26,"column":null}},{"start":{},"end":{}}],"line":24},"3":{"loc":{"start":{"line":34,"column":4},"end":{"line":37,"column":null}},"type":"if","locations":[{"start":{"line":34,"column":4},"end":{"line":37,"column":null}},{"start":{},"end":{}}],"line":34},"4":{"loc":{"start":{"line":34,"column":8},"end":{"line":34,"column":44}},"type":"binary-expr","locations":[{"start":{"line":34,"column":8},"end":{"line":34,"column":29}},{"start":{"line":34,"column":29},"end":{"line":34,"column":44}}],"line":34},"5":{"loc":{"start":{"line":64,"column":18},"end":{"line":64,"column":null}},"type":"cond-expr","locations":[{"start":{"line":64,"column":27},"end":{"line":64,"column":42}},{"start":{"line":64,"column":42},"end":{"line":64,"column":null}}],"line":64},"6":{"loc":{"start":{"line":84,"column":16},"end":{"line":84,"column":null}},"type":"cond-expr","locations":[{"start":{"line":84,"column":25},"end":{"line":84,"column":50}},{"start":{"line":84,"column":50},"end":{"line":84,"column":null}}],"line":84}},"s":{"0":27,"1":27,"2":27,"3":10,"4":10,"5":10,"6":2,"7":8,"8":6,"9":8,"10":10,"11":27,"12":3,"13":3,"14":3,"15":27,"16":99,"17":99,"18":99,"19":99,"20":7,"21":3},"f":{"0":27,"1":10,"2":10,"3":3,"4":99,"5":7,"6":3},"b":{"0":[27],"1":[2,8],"2":[6,2],"3":[3,0],"4":[3,1],"5":[9,90],"6":[9,90]},"meta":{"lastBranch":7,"lastFunction":7,"lastStatement":22,"seen":{"f:14:24:14:34":0,"b:14:59:14:65":0,"s:15:32:15:Infinity":0,"s:16:8:16:Infinity":1,"s:18:21:31:Infinity":2,"f:18:21:18:22":1,"s:19:4:30:Infinity":3,"f:19:17:19:18":2,"s:20:19:20:Infinity":4,"b:21:6:28:Infinity:23:13:28:Infinity":1,"s:21:6:28:Infinity":5,"s:22:8:22:Infinity":6,"b:24:8:26:Infinity:undefined:undefined:undefined:undefined":2,"s:24:8:26:Infinity":7,"s:25:10:25:Infinity":8,"s:27:8:27:Infinity":9,"s:29:6:29:Infinity":10,"s:33:24:38:Infinity":11,"f:33:24:33:25":3,"b:34:4:37:Infinity:undefined:undefined:undefined:undefined":3,"s:34:4:37:Infinity":12,"b:34:8:34:29:34:29:34:44":4,"s:35:6:35:Infinity":13,"s:36:6:36:Infinity":14,"s:40:2:92:Infinity":15,"f:42:17:42:18":4,"s:43:23:43:Infinity":16,"s:44:25:44:Infinity":17,"s:45:24:45:Infinity":18,"s:47:8:89:Infinity":19,"f:56:23:56:29":5,"s:56:29:56:Infinity":20,"f:57:25:57:26":6,"s:57:32:57:Infinity":21,"b:64:27:64:42:64:42:64:Infinity":5,"b:84:25:84:50:84:50:84:Infinity":6}}}
,"C:\\Users\\coleg\\Downloads\\thinksenselabs_projects\\math-tutor-site\\src\\components\\ui\\Button.tsx": {"path":"C:\\Users\\coleg\\Downloads\\thinksenselabs_projects\\math-tutor-site\\src\\components\\ui\\Button.tsx","statementMap":{"0":{"start":{"line":36,"column":53},"end":{"line":41,"column":null}},"1":{"start":{"line":43,"column":47},"end":{"line":47,"column":null}},"2":{"start":{"line":49,"column":6},"end":{"line":96,"column":null}},"3":{"start":{"line":51,"column":84},"end":{"line":51,"column":null}},"4":{"start":{"line":54,"column":6},"end":{"line":54,"column":null}},"5":{"start":{"line":56,"column":27},"end":{"line":56,"column":null}},"6":{"start":{"line":58,"column":4},"end":{"line":71,"column":null}},"7":{"start":{"line":59,"column":48},"end":{"line":59,"column":null}},"8":{"start":{"line":60,"column":6},"end":{"line":60,"column":null}},"9":{"start":{"line":61,"column":6},"end":{"line":69,"column":null}},"10":{"start":{"line":73,"column":4},"end":{"line":86,"column":null}},"11":{"start":{"line":74,"column":54},"end":{"line":74,"column":null}},"12":{"start":{"line":75,"column":6},"end":{"line":75,"column":null}},"13":{"start":{"line":76,"column":6},"end":{"line":84,"column":null}},"14":{"start":{"line":88,"column":46},"end":{"line":88,"column":null}},"15":{"start":{"line":89,"column":4},"end":{"line":89,"column":null}},"16":{"start":{"line":90,"column":4},"end":{"line":93,"column":null}}},"fnMap":{"0":{"name":"Button2","decl":{"start":{"line":50,"column":11},"end":{"line":50,"column":18}},"loc":{"start":{"line":50,"column":30},"end":{"line":95,"column":null}},"line":50}},"branchMap":{"0":{"loc":{"start":{"line":51,"column":12},"end":{"line":51,"column":33}},"type":"default-arg","locations":[{"start":{"line":51,"column":22},"end":{"line":51,"column":33}}],"line":51},"1":{"loc":{"start":{"line":51,"column":33},"end":{"line":51,"column":46}},"type":"default-arg","locations":[{"start":{"line":51,"column":40},"end":{"line":51,"column":46}}],"line":51},"2":{"loc":{"start":{"line":51,"column":56},"end":{"line":51,"column":72}},"type":"default-arg","locations":[{"start":{"line":51,"column":68},"end":{"line":51,"column":72}}],"line":51},"3":{"loc":{"start":{"line":58,"column":4},"end":{"line":71,"column":null}},"type":"if","locations":[{"start":{"line":58,"column":4},"end":{"line":71,"column":null}},{"start":{},"end":{}}],"line":58},"4":{"loc":{"start":{"line":73,"column":4},"end":{"line":86,"column":null}},"type":"if","locations":[{"start":{"line":73,"column":4},"end":{"line":86,"column":null}},{"start":{},"end":{}}],"line":73}},"s":{"0":2,"1":2,"2":2,"3":90,"4":90,"5":90,"6":90,"7":90,"8":90,"9":90,"10":0,"11":0,"12":0,"13":0,"14":0,"15":0,"16":0},"f":{"0":90},"b":{"0":[90],"1":[90],"2":[90],"3":[90,0],"4":[0,0]},"meta":{"lastBranch":5,"lastFunction":1,"lastStatement":17,"seen":{"s:36:53:41:Infinity":0,"s:43:47:47:Infinity":1,"s:49:6:96:Infinity":2,"f:50:11:50:18":0,"s:51:84:51:Infinity":3,"b:51:22:51:33":0,"b:51:40:51:46":1,"b:51:68:51:72":2,"s:54:6:54:Infinity":4,"s:56:27:56:Infinity":5,"b:58:4:71:Infinity:undefined:undefined:undefined:undefined":3,"s:58:4:71:Infinity":6,"s:59:48:59:Infinity":7,"s:60:6:60:Infinity":8,"s:61:6:69:Infinity":9,"b:73:4:86:Infinity:undefined:undefined:undefined:undefined":4,"s:73:4:86:Infinity":10,"s:74:54:74:Infinity":11,"s:75:6:75:Infinity":12,"s:76:6:84:Infinity":13,"s:88:46:88:Infinity":14,"s:89:4:89:Infinity":15,"s:90:4:93:Infinity":16}}}
,"C:\\Users\\coleg\\Downloads\\thinksenselabs_projects\\math-tutor-site\\src\\components\\ui\\Card.tsx": {"path":"C:\\Users\\coleg\\Downloads\\thinksenselabs_projects\\math-tutor-site\\src\\components\\ui\\Card.tsx","statementMap":{"0":{"start":{"line":8,"column":2},"end":{"line":15,"column":null}},"1":{"start":{"line":25,"column":2},"end":{"line":25,"column":null}},"2":{"start":{"line":35,"column":2},"end":{"line":38,"column":null}},"3":{"start":{"line":48,"column":2},"end":{"line":48,"column":null}},"4":{"start":{"line":57,"column":2},"end":{"line":57,"column":null}}},"fnMap":{"0":{"name":"Card","decl":{"start":{"line":7,"column":24},"end":{"line":7,"column":29}},"loc":{"start":{"line":7,"column":84},"end":{"line":17,"column":null}},"line":7},"1":{"name":"CardHeader","decl":{"start":{"line":24,"column":16},"end":{"line":24,"column":27}},"loc":{"start":{"line":24,"column":74},"end":{"line":26,"column":null}},"line":24},"2":{"name":"CardTitle","decl":{"start":{"line":34,"column":16},"end":{"line":34,"column":26}},"loc":{"start":{"line":34,"column":94},"end":{"line":40,"column":null}},"line":34},"3":{"name":"CardDescription","decl":{"start":{"line":47,"column":16},"end":{"line":47,"column":32}},"loc":{"start":{"line":47,"column":84},"end":{"line":49,"column":null}},"line":47},"4":{"name":"CardContent","decl":{"start":{"line":56,"column":16},"end":{"line":56,"column":28}},"loc":{"start":{"line":56,"column":76},"end":{"line":58,"column":null}},"line":56}},"branchMap":{"0":{"loc":{"start":{"line":7,"column":41},"end":{"line":7,"column":57}},"type":"default-arg","locations":[{"start":{"line":7,"column":53},"end":{"line":7,"column":57}}],"line":7},"1":{"loc":{"start":{"line":7,"column":57},"end":{"line":7,"column":70}},"type":"default-arg","locations":[{"start":{"line":7,"column":65},"end":{"line":7,"column":70}}],"line":7},"2":{"loc":{"start":{"line":11,"column":8},"end":{"line":11,"column":null}},"type":"cond-expr","locations":[{"start":{"line":11,"column":16},"end":{"line":11,"column":97}},{"start":{"line":11,"column":97},"end":{"line":11,"column":null}}],"line":11},"3":{"loc":{"start":{"line":24,"column":39},"end":{"line":24,"column":54}},"type":"default-arg","locations":[{"start":{"line":24,"column":51},"end":{"line":24,"column":54}}],"line":24},"4":{"loc":{"start":{"line":34,"column":42},"end":{"line":34,"column":60}},"type":"default-arg","locations":[{"start":{"line":34,"column":54},"end":{"line":34,"column":60}}],"line":34},"5":{"loc":{"start":{"line":34,"column":60},"end":{"line":34,"column":75}},"type":"default-arg","locations":[{"start":{"line":34,"column":72},"end":{"line":34,"column":75}}],"line":34},"6":{"loc":{"start":{"line":47,"column":44},"end":{"line":47,"column":59}},"type":"default-arg","locations":[{"start":{"line":47,"column":56},"end":{"line":47,"column":59}}],"line":47},"7":{"loc":{"start":{"line":56,"column":40},"end":{"line":56,"column":55}},"type":"default-arg","locations":[{"start":{"line":56,"column":52},"end":{"line":56,"column":55}}],"line":56}},"s":{"0":216,"1":0,"2":81,"3":63,"4":0},"f":{"0":216,"1":0,"2":81,"3":63,"4":0},"b":{"0":[216],"1":[216],"2":[216,0],"3":[0],"4":[81],"5":[81],"6":[63],"7":[0]},"meta":{"lastBranch":8,"lastFunction":5,"lastStatement":5,"seen":{"f:7:24:7:29":0,"b:7:53:7:57":0,"b:7:65:7:70":1,"s:8:2:15:Infinity":0,"b:11:16:11:97:11:97:11:Infinity":2,"f:24:16:24:27":1,"b:24:51:24:54":3,"s:25:2:25:Infinity":1,"f:34:16:34:26":2,"b:34:54:34:60":4,"b:34:72:34:75":5,"s:35:2:38:Infinity":2,"f:47:16:47:32":3,"b:47:56:47:59":6,"s:48:2:48:Infinity":3,"f:56:16:56:28":4,"b:56:52:56:55":7,"s:57:2:57:Infinity":4}}}
,"C:\\Users\\coleg\\Downloads\\thinksenselabs_projects\\math-tutor-site\\src\\components\\ui\\Input.tsx": {"path":"C:\\Users\\coleg\\Downloads\\thinksenselabs_projects\\math-tutor-site\\src\\components\\ui\\Input.tsx","statementMap":{"0":{"start":{"line":8,"column":6},"end":{"line":35,"column":null}},"1":{"start":{"line":12,"column":18},"end":{"line":12,"column":null}},"2":{"start":{"line":14,"column":2},"end":{"line":33,"column":null}}},"fnMap":{"0":{"name":"Input2","decl":{"start":{"line":8,"column":64},"end":{"line":8,"column":null}},"loc":{"start":{"line":11,"column":2},"end":{"line":35,"column":1}},"line":11}},"branchMap":{"0":{"loc":{"start":{"line":9,"column":22},"end":{"line":9,"column":38}},"type":"default-arg","locations":[{"start":{"line":9,"column":34},"end":{"line":9,"column":38}}],"line":9},"1":{"loc":{"start":{"line":12,"column":18},"end":{"line":12,"column":null}},"type":"binary-expr","locations":[{"start":{"line":12,"column":18},"end":{"line":12,"column":24}},{"start":{"line":12,"column":24},"end":{"line":12,"column":null}}],"line":12},"2":{"loc":{"start":{"line":18,"column":9},"end":{"line":18,"column":null}},"type":"binary-expr","locations":[{"start":{"line":18,"column":9},"end":{"line":18,"column":27}},{"start":{"line":18,"column":27},"end":{"line":18,"column":null}}],"line":18},"3":{"loc":{"start":{"line":24,"column":10},"end":{"line":24,"column":null}},"type":"cond-expr","locations":[{"start":{"line":24,"column":18},"end":{"line":24,"column":71}},{"start":{"line":24,"column":71},"end":{"line":24,"column":null}}],"line":24},"4":{"loc":{"start":{"line":28,"column":7},"end":{"line":31,"column":null}},"type":"binary-expr","locations":[{"start":{"line":28,"column":7},"end":{"line":28,"column":null}},{"start":{"line":29,"column":8},"end":{"line":31,"column":null}}],"line":28}},"s":{"0":2,"1":0,"2":0},"f":{"0":0},"b":{"0":[0],"1":[0,0],"2":[0,0],"3":[0,0],"4":[0,0]},"meta":{"lastBranch":5,"lastFunction":1,"lastStatement":3,"seen":{"s:8:6:35:Infinity":0,"f:8:64:8:Infinity":0,"b:9:34:9:38":0,"s:12:18:12:Infinity":1,"b:12:18:12:24:12:24:12:Infinity":1,"s:14:2:33:Infinity":2,"b:18:9:18:27:18:27:18:Infinity":2,"b:24:18:24:71:24:71:24:Infinity":3,"b:28:7:28:Infinity:29:8:31:Infinity":4}}}
,"C:\\Users\\coleg\\Downloads\\thinksenselabs_projects\\math-tutor-site\\src\\components\\ui\\SectionHeading.tsx": {"path":"C:\\Users\\coleg\\Downloads\\thinksenselabs_projects\\math-tutor-site\\src\\components\\ui\\SectionHeading.tsx","statementMap":{"0":{"start":{"line":14,"column":2},"end":{"line":18,"column":null}}},"fnMap":{"0":{"name":"SectionHeading","decl":{"start":{"line":8,"column":24},"end":{"line":8,"column":39}},"loc":{"start":{"line":13,"column":24},"end":{"line":20,"column":null}},"line":13}},"branchMap":{"0":{"loc":{"start":{"line":11,"column":2},"end":{"line":11,"column":null}},"type":"default-arg","locations":[{"start":{"line":11,"column":13},"end":{"line":11,"column":null}}],"line":11},"1":{"loc":{"start":{"line":12,"column":2},"end":{"line":12,"column":null}},"type":"default-arg","locations":[{"start":{"line":12,"column":14},"end":{"line":12,"column":null}}],"line":12},"2":{"loc":{"start":{"line":15,"column":29},"end":{"line":15,"column":58}},"type":"cond-expr","locations":[{"start":{"line":15,"column":40},"end":{"line":15,"column":56}},{"start":{"line":15,"column":56},"end":{"line":15,"column":58}}],"line":15},"3":{"loc":{"start":{"line":17,"column":7},"end":{"line":17,"column":null}},"type":"binary-expr","locations":[{"start":{"line":17,"column":7},"end":{"line":17,"column":19}},{"start":{"line":17,"column":19},"end":{"line":17,"column":null}}],"line":17}},"s":{"0":63},"f":{"0":63},"b":{"0":[63],"1":[63],"2":[63,0],"3":[63,63]},"meta":{"lastBranch":4,"lastFunction":1,"lastStatement":1,"seen":{"f:8:24:8:39":0,"b:11:13:11:Infinity":0,"b:12:14:12:Infinity":1,"s:14:2:18:Infinity":0,"b:15:40:15:56:15:56:15:58":2,"b:17:7:17:19:17:19:17:Infinity":3}}}
,"C:\\Users\\coleg\\Downloads\\thinksenselabs_projects\\math-tutor-site\\src\\components\\ui\\Select.tsx": {"path":"C:\\Users\\coleg\\Downloads\\thinksenselabs_projects\\math-tutor-site\\src\\components\\ui\\Select.tsx","statementMap":{"0":{"start":{"line":15,"column":6},"end":{"line":57,"column":null}},"1":{"start":{"line":19,"column":19},"end":{"line":19,"column":null}},"2":{"start":{"line":21,"column":2},"end":{"line":55,"column":null}},"3":{"start":{"line":45,"column":10},"end":{"line":47,"column":null}}},"fnMap":{"0":{"name":"Select2","decl":{"start":{"line":15,"column":67},"end":{"line":15,"column":null}},"loc":{"start":{"line":18,"column":2},"end":{"line":57,"column":1}},"line":18},"1":{"name":"(anonymous_1)","decl":{"start":{"line":44,"column":21},"end":{"line":44,"column":22}},"loc":{"start":{"line":45,"column":10},"end":{"line":47,"column":null}},"line":45}},"branchMap":{"0":{"loc":{"start":{"line":16,"column":31},"end":{"line":16,"column":65}},"type":"default-arg","locations":[{"start":{"line":16,"column":45},"end":{"line":16,"column":65}}],"line":16},"1":{"loc":{"start":{"line":16,"column":65},"end":{"line":16,"column":81}},"type":"default-arg","locations":[{"start":{"line":16,"column":77},"end":{"line":16,"column":81}}],"line":16},"2":{"loc":{"start":{"line":19,"column":19},"end":{"line":19,"column":null}},"type":"binary-expr","locations":[{"start":{"line":19,"column":19},"end":{"line":19,"column":25}},{"start":{"line":19,"column":25},"end":{"line":19,"column":null}}],"line":19},"3":{"loc":{"start":{"line":25,"column":9},"end":{"line":25,"column":null}},"type":"binary-expr","locations":[{"start":{"line":25,"column":9},"end":{"line":25,"column":27}},{"start":{"line":25,"column":27},"end":{"line":25,"column":null}}],"line":25},"4":{"loc":{"start":{"line":31,"column":10},"end":{"line":31,"column":null}},"type":"cond-expr","locations":[{"start":{"line":31,"column":18},"end":{"line":31,"column":71}},{"start":{"line":31,"column":71},"end":{"line":31,"column":null}}],"line":31},"5":{"loc":{"start":{"line":50,"column":7},"end":{"line":53,"column":null}},"type":"binary-expr","locations":[{"start":{"line":50,"column":7},"end":{"line":50,"column":null}},{"start":{"line":51,"column":8},"end":{"line":53,"column":null}}],"line":50}},"s":{"0":2,"1":0,"2":0,"3":0},"f":{"0":0,"1":0},"b":{"0":[0],"1":[0],"2":[0,0],"3":[0,0],"4":[0,0],"5":[0,0]},"meta":{"lastBranch":6,"lastFunction":2,"lastStatement":4,"seen":{"s:15:6:57:Infinity":0,"f:15:67:15:Infinity":0,"b:16:45:16:65":0,"b:16:77:16:81":1,"s:19:19:19:Infinity":1,"b:19:19:19:25:19:25:19:Infinity":2,"s:21:2:55:Infinity":2,"b:25:9:25:27:25:27:25:Infinity":3,"b:31:18:31:71:31:71:31:Infinity":4,"f:44:21:44:22":1,"s:45:10:47:Infinity":3,"b:50:7:50:Infinity:51:8:53:Infinity":5}}}
,"C:\\Users\\coleg\\Downloads\\thinksenselabs_projects\\math-tutor-site\\src\\components\\ui\\Textarea.tsx": {"path":"C:\\Users\\coleg\\Downloads\\thinksenselabs_projects\\math-tutor-site\\src\\components\\ui\\Textarea.tsx","statementMap":{"0":{"start":{"line":8,"column":6},"end":{"line":35,"column":null}},"1":{"start":{"line":12,"column":21},"end":{"line":12,"column":null}},"2":{"start":{"line":14,"column":2},"end":{"line":33,"column":null}}},"fnMap":{"0":{"name":"Textarea2","decl":{"start":{"line":8,"column":73},"end":{"line":8,"column":null}},"loc":{"start":{"line":11,"column":2},"end":{"line":35,"column":1}},"line":11}},"branchMap":{"0":{"loc":{"start":{"line":9,"column":22},"end":{"line":9,"column":38}},"type":"default-arg","locations":[{"start":{"line":9,"column":34},"end":{"line":9,"column":38}}],"line":9},"1":{"loc":{"start":{"line":12,"column":21},"end":{"line":12,"column":null}},"type":"binary-expr","locations":[{"start":{"line":12,"column":21},"end":{"line":12,"column":27}},{"start":{"line":12,"column":27},"end":{"line":12,"column":null}}],"line":12},"2":{"loc":{"start":{"line":18,"column":9},"end":{"line":18,"column":null}},"type":"binary-expr","locations":[{"start":{"line":18,"column":9},"end":{"line":18,"column":27}},{"start":{"line":18,"column":27},"end":{"line":18,"column":null}}],"line":18},"3":{"loc":{"start":{"line":24,"column":10},"end":{"line":24,"column":null}},"type":"cond-expr","locations":[{"start":{"line":24,"column":18},"end":{"line":24,"column":71}},{"start":{"line":24,"column":71},"end":{"line":24,"column":null}}],"line":24},"4":{"loc":{"start":{"line":28,"column":7},"end":{"line":31,"column":null}},"type":"binary-expr","locations":[{"start":{"line":28,"column":7},"end":{"line":28,"column":null}},{"start":{"line":29,"column":8},"end":{"line":31,"column":null}}],"line":28}},"s":{"0":2,"1":0,"2":0},"f":{"0":0},"b":{"0":[0],"1":[0,0],"2":[0,0],"3":[0,0],"4":[0,0]},"meta":{"lastBranch":5,"lastFunction":1,"lastStatement":3,"seen":{"s:8:6:35:Infinity":0,"f:8:73:8:Infinity":0,"b:9:34:9:38":0,"s:12:21:12:Infinity":1,"b:12:21:12:27:12:27:12:Infinity":1,"s:14:2:33:Infinity":2,"b:18:9:18:27:18:27:18:Infinity":2,"b:24:18:24:71:24:71:24:Infinity":3,"b:28:7:28:Infinity:29:8:31:Infinity":4}}}
,"C:\\Users\\coleg\\Downloads\\thinksenselabs_projects\\math-tutor-site\\src\\pages\\AboutPage.tsx": {"path":"C:\\Users\\coleg\\Downloads\\thinksenselabs_projects\\math-tutor-site\\src\\pages\\AboutPage.tsx","statementMap":{"0":{"start":{"line":3,"column":15},"end":{"line":19,"column":null}},"1":{"start":{"line":21,"column":23},"end":{"line":29,"column":null}},"2":{"start":{"line":32,"column":2},"end":{"line":157,"column":null}},"3":{"start":{"line":94,"column":16},"end":{"line":109,"column":null}},"4":{"start":{"line":125,"column":14},"end":{"line":131,"column":null}}},"fnMap":{"0":{"name":"AboutPage","decl":{"start":{"line":31,"column":24},"end":{"line":31,"column":36}},"loc":{"start":{"line":31,"column":36},"end":{"line":159,"column":null}},"line":31},"1":{"name":"(anonymous_1)","decl":{"start":{"line":93,"column":34},"end":{"line":93,"column":35}},"loc":{"start":{"line":94,"column":16},"end":{"line":109,"column":null}},"line":94},"2":{"name":"(anonymous_2)","decl":{"start":{"line":124,"column":24},"end":{"line":124,"column":25}},"loc":{"start":{"line":125,"column":14},"end":{"line":131,"column":null}},"line":125}},"branchMap":{},"s":{"0":1,"1":1,"2":0,"3":0,"4":0},"f":{"0":0,"1":0,"2":0},"b":{},"meta":{"lastBranch":0,"lastFunction":3,"lastStatement":5,"seen":{"s:3:15:19:Infinity":0,"s:21:23:29:Infinity":1,"f:31:24:31:36":0,"s:32:2:157:Infinity":2,"f:93:34:93:35":1,"s:94:16:109:Infinity":3,"f:124:24:124:25":2,"s:125:14:131:Infinity":4}}}
,"C:\\Users\\coleg\\Downloads\\thinksenselabs_projects\\math-tutor-site\\src\\pages\\BookingPage.tsx": {"path":"C:\\Users\\coleg\\Downloads\\thinksenselabs_projects\\math-tutor-site\\src\\pages\\BookingPage.tsx","statementMap":{"0":{"start":{"line":5,"column":17},"end":{"line":12,"column":null}},"1":{"start":{"line":14,"column":21},"end":{"line":17,"column":null}},"2":{"start":{"line":19,"column":18},"end":{"line":27,"column":null}},"3":{"start":{"line":30,"column":30},"end":{"line":39,"column":null}},"4":{"start":{"line":40,"column":36},"end":{"line":40,"column":null}},"5":{"start":{"line":42,"column":23},"end":{"line":47,"column":null}},"6":{"start":{"line":45,"column":28},"end":{"line":45,"column":null}},"7":{"start":{"line":46,"column":4},"end":{"line":46,"column":null}},"8":{"start":{"line":46,"column":27},"end":{"line":46,"column":54}},"9":{"start":{"line":49,"column":23},"end":{"line":54,"column":null}},"10":{"start":{"line":50,"column":4},"end":{"line":50,"column":null}},"11":{"start":{"line":52,"column":4},"end":{"line":52,"column":null}},"12":{"start":{"line":53,"column":4},"end":{"line":53,"column":null}},"13":{"start":{"line":56,"column":2},"end":{"line":90,"column":null}},"14":{"start":{"line":57,"column":4},"end":{"line":88,"column":null}},"15":{"start":{"line":92,"column":2},"end":{"line":259,"column":null}}},"fnMap":{"0":{"name":"BookingPage","decl":{"start":{"line":29,"column":24},"end":{"line":29,"column":38}},"loc":{"start":{"line":29,"column":38},"end":{"line":261,"column":null}},"line":29},"1":{"name":"(anonymous_1)","decl":{"start":{"line":42,"column":23},"end":{"line":42,"column":null}},"loc":{"start":{"line":44,"column":7},"end":{"line":47,"column":null}},"line":44},"2":{"name":"(anonymous_2)","decl":{"start":{"line":46,"column":16},"end":{"line":46,"column":17}},"loc":{"start":{"line":46,"column":27},"end":{"line":46,"column":54}},"line":46},"3":{"name":"(anonymous_3)","decl":{"start":{"line":49,"column":23},"end":{"line":49,"column":24}},"loc":{"start":{"line":49,"column":47},"end":{"line":54,"column":null}},"line":49}},"branchMap":{"0":{"loc":{"start":{"line":56,"column":2},"end":{"line":90,"column":null}},"type":"if","locations":[{"start":{"line":56,"column":2},"end":{"line":90,"column":null}},{"start":{},"end":{}}],"line":56}},"s":{"0":1,"1":1,"2":1,"3":0,"4":0,"5":0,"6":0,"7":0,"8":0,"9":0,"10":0,"11":0,"12":0,"13":0,"14":0,"15":0},"f":{"0":0,"1":0,"2":0,"3":0},"b":{"0":[0,0]},"meta":{"lastBranch":1,"lastFunction":4,"lastStatement":16,"seen":{"s:5:17:12:Infinity":0,"s:14:21:17:Infinity":1,"s:19:18:27:Infinity":2,"f:29:24:29:38":0,"s:30:30:39:Infinity":3,"s:40:36:40:Infinity":4,"s:42:23:47:Infinity":5,"f:42:23:42:Infinity":1,"s:45:28:45:Infinity":6,"s:46:4:46:Infinity":7,"f:46:16:46:17":2,"s:46:27:46:54":8,"s:49:23:54:Infinity":9,"f:49:23:49:24":3,"s:50:4:50:Infinity":10,"s:52:4:52:Infinity":11,"s:53:4:53:Infinity":12,"b:56:2:90:Infinity:undefined:undefined:undefined:undefined":0,"s:56:2:90:Infinity":13,"s:57:4:88:Infinity":14,"s:92:2:259:Infinity":15}}}
,"C:\\Users\\coleg\\Downloads\\thinksenselabs_projects\\math-tutor-site\\src\\pages\\ContactPage.tsx": {"path":"C:\\Users\\coleg\\Downloads\\thinksenselabs_projects\\math-tutor-site\\src\\pages\\ContactPage.tsx","statementMap":{"0":{"start":{"line":4,"column":20},"end":{"line":69,"column":null}},"1":{"start":{"line":72,"column":30},"end":{"line":77,"column":null}},"2":{"start":{"line":78,"column":36},"end":{"line":78,"column":null}},"3":{"start":{"line":80,"column":23},"end":{"line":83,"column":null}},"4":{"start":{"line":81,"column":28},"end":{"line":81,"column":null}},"5":{"start":{"line":82,"column":4},"end":{"line":82,"column":null}},"6":{"start":{"line":82,"column":27},"end":{"line":82,"column":54}},"7":{"start":{"line":85,"column":23},"end":{"line":90,"column":null}},"8":{"start":{"line":86,"column":4},"end":{"line":86,"column":null}},"9":{"start":{"line":88,"column":4},"end":{"line":88,"column":null}},"10":{"start":{"line":89,"column":4},"end":{"line":89,"column":null}},"11":{"start":{"line":92,"column":2},"end":{"line":123,"column":null}},"12":{"start":{"line":93,"column":4},"end":{"line":121,"column":null}},"13":{"start":{"line":125,"column":2},"end":{"line":242,"column":null}},"14":{"start":{"line":196,"column":18},"end":{"line":212,"column":null}}},"fnMap":{"0":{"name":"ContactPage","decl":{"start":{"line":71,"column":24},"end":{"line":71,"column":38}},"loc":{"start":{"line":71,"column":38},"end":{"line":244,"column":null}},"line":71},"1":{"name":"(anonymous_1)","decl":{"start":{"line":80,"column":23},"end":{"line":80,"column":24}},"loc":{"start":{"line":80,"column":89},"end":{"line":83,"column":null}},"line":80},"2":{"name":"(anonymous_2)","decl":{"start":{"line":82,"column":16},"end":{"line":82,"column":17}},"loc":{"start":{"line":82,"column":27},"end":{"line":82,"column":54}},"line":82},"3":{"name":"(anonymous_3)","decl":{"start":{"line":85,"column":23},"end":{"line":85,"column":24}},"loc":{"start":{"line":85,"column":47},"end":{"line":90,"column":null}},"line":85},"4":{"name":"(anonymous_4)","decl":{"start":{"line":195,"column":33},"end":{"line":195,"column":34}},"loc":{"start":{"line":196,"column":18},"end":{"line":212,"column":null}},"line":196}},"branchMap":{"0":{"loc":{"start":{"line":92,"column":2},"end":{"line":123,"column":null}},"type":"if","locations":[{"start":{"line":92,"column":2},"end":{"line":123,"column":null}},{"start":{},"end":{}}],"line":92},"1":{"loc":{"start":{"line":203,"column":25},"end":{"line":208,"column":null}},"type":"cond-expr","locations":[{"start":{"line":204,"column":26},"end":{"line":206,"column":null}},{"start":{"line":208,"column":26},"end":{"line":208,"column":null}}],"line":203}},"s":{"0":1,"1":0,"2":0,"3":0,"4":0,"5":0,"6":0,"7":0,"8":0,"9":0,"10":0,"11":0,"12":0,"13":0,"14":0},"f":{"0":0,"1":0,"2":0,"3":0,"4":0},"b":{"0":[0,0],"1":[0,0]},"meta":{"lastBranch":2,"lastFunction":5,"lastStatement":15,"seen":{"s:4:20:69:Infinity":0,"f:71:24:71:38":0,"s:72:30:77:Infinity":1,"s:78:36:78:Infinity":2,"s:80:23:83:Infinity":3,"f:80:23:80:24":1,"s:81:28:81:Infinity":4,"s:82:4:82:Infinity":5,"f:82:16:82:17":2,"s:82:27:82:54":6,"s:85:23:90:Infinity":7,"f:85:23:85:24":3,"s:86:4:86:Infinity":8,"s:88:4:88:Infinity":9,"s:89:4:89:Infinity":10,"b:92:2:123:Infinity:undefined:undefined:undefined:undefined":0,"s:92:2:123:Infinity":11,"s:93:4:121:Infinity":12,"s:125:2:242:Infinity":13,"f:195:33:195:34":4,"s:196:18:212:Infinity":14,"b:204:26:206:Infinity:208:26:208:Infinity":1}}}
,"C:\\Users\\coleg\\Downloads\\thinksenselabs_projects\\math-tutor-site\\src\\pages\\HomePage.tsx": {"path":"C:\\Users\\coleg\\Downloads\\thinksenselabs_projects\\math-tutor-site\\src\\pages\\HomePage.tsx","statementMap":{"0":{"start":{"line":11,"column":20},"end":{"line":16,"column":null}},"1":{"start":{"line":19,"column":25},"end":{"line":76,"column":null}},"2":{"start":{"line":79,"column":23},"end":{"line":98,"column":null}},"3":{"start":{"line":101,"column":23},"end":{"line":106,"column":null}},"4":{"start":{"line":109,"column":17},"end":{"line":125,"column":null}},"5":{"start":{"line":128,"column":24},"end":{"line":132,"column":null}},"6":{"start":{"line":135,"column":21},"end":{"line":160,"column":null}},"7":{"start":{"line":163,"column":17},"end":{"line":194,"column":null}},"8":{"start":{"line":197,"column":2},"end":{"line":792,"column":null}},"9":{"start":{"line":356,"column":22},"end":{"line":363,"column":null}},"10":{"start":{"line":378,"column":14},"end":{"line":381,"column":null}},"11":{"start":{"line":463,"column":14},"end":{"line":486,"column":null}},"12":{"start":{"line":501,"column":14},"end":{"line":529,"column":null}},"13":{"start":{"line":508,"column":20},"end":{"line":523,"column":null}},"14":{"start":{"line":561,"column":32},"end":{"line":561,"column":null}},"15":{"start":{"line":562,"column":14},"end":{"line":578,"column":null}},"16":{"start":{"line":600,"column":14},"end":{"line":621,"column":null}},"17":{"start":{"line":636,"column":14},"end":{"line":661,"column":null}},"18":{"start":{"line":684,"column":14},"end":{"line":711,"column":null}}},"fnMap":{"0":{"name":"HomePage","decl":{"start":{"line":196,"column":24},"end":{"line":196,"column":35}},"loc":{"start":{"line":196,"column":35},"end":{"line":794,"column":null}},"line":196},"1":{"name":"(anonymous_1)","decl":{"start":{"line":355,"column":37},"end":{"line":355,"column":38}},"loc":{"start":{"line":356,"column":22},"end":{"line":363,"column":null}},"line":356},"2":{"name":"(anonymous_2)","decl":{"start":{"line":377,"column":29},"end":{"line":377,"column":30}},"loc":{"start":{"line":378,"column":14},"end":{"line":381,"column":null}},"line":378},"3":{"name":"(anonymous_3)","decl":{"start":{"line":462,"column":34},"end":{"line":462,"column":35}},"loc":{"start":{"line":463,"column":14},"end":{"line":486,"column":null}},"line":463},"4":{"name":"(anonymous_4)","decl":{"start":{"line":500,"column":26},"end":{"line":500,"column":27}},"loc":{"start":{"line":501,"column":14},"end":{"line":529,"column":null}},"line":501},"5":{"name":"(anonymous_5)","decl":{"start":{"line":507,"column":38},"end":{"line":507,"column":39}},"loc":{"start":{"line":508,"column":20},"end":{"line":523,"column":null}},"line":508},"6":{"name":"(anonymous_6)","decl":{"start":{"line":560,"column":32},"end":{"line":560,"column":33}},"loc":{"start":{"line":560,"column":49},"end":{"line":580,"column":13}},"line":560},"7":{"name":"(anonymous_7)","decl":{"start":{"line":599,"column":32},"end":{"line":599,"column":33}},"loc":{"start":{"line":600,"column":14},"end":{"line":621,"column":null}},"line":600},"8":{"name":"(anonymous_8)","decl":{"start":{"line":635,"column":30},"end":{"line":635,"column":31}},"loc":{"start":{"line":636,"column":14},"end":{"line":661,"column":null}},"line":636},"9":{"name":"(anonymous_9)","decl":{"start":{"line":683,"column":33},"end":{"line":683,"column":34}},"loc":{"start":{"line":684,"column":14},"end":{"line":711,"column":null}},"line":684}},"branchMap":{"0":{"loc":{"start":{"line":565,"column":19},"end":{"line":566,"column":null}},"type":"binary-expr","locations":[{"start":{"line":565,"column":19},"end":{"line":565,"column":null}},{"start":{"line":566,"column":20},"end":{"line":566,"column":null}}],"line":565},"1":{"loc":{"start":{"line":687,"column":18},"end":{"line":689,"column":null}},"type":"cond-expr","locations":[{"start":{"line":688,"column":22},"end":{"line":688,"column":null}},{"start":{"line":689,"column":22},"end":{"line":689,"column":null}}],"line":687},"2":{"loc":{"start":{"line":692,"column":17},"end":{"line":695,"column":null}},"type":"binary-expr","locations":[{"start":{"line":692,"column":17},"end":{"line":692,"column":null}},{"start":{"line":693,"column":18},"end":{"line":695,"column":null}}],"line":692},"3":{"loc":{"start":{"line":706,"column":27},"end":{"line":706,"column":null}},"type":"cond-expr","locations":[{"start":{"line":706,"column":41},"end":{"line":706,"column":53}},{"start":{"line":706,"column":53},"end":{"line":706,"column":null}}],"line":706},"4":{"loc":{"start":{"line":709,"column":19},"end":{"line":709,"column":null}},"type":"cond-expr","locations":[{"start":{"line":709,"column":33},"end":{"line":709,"column":52}},{"start":{"line":709,"column":52},"end":{"line":709,"column":null}}],"line":709}},"s":{"0":2,"1":2,"2":2,"3":2,"4":2,"5":2,"6":2,"7":2,"8":9,"9":36,"10":36,"11":36,"12":18,"13":72,"14":27,"15":27,"16":36,"17":27,"18":27},"f":{"0":9,"1":36,"2":36,"3":36,"4":18,"5":72,"6":27,"7":36,"8":27,"9":27},"b":{"0":[27,18],"1":[9,18],"2":[27,9],"3":[9,18],"4":[9,18]},"meta":{"lastBranch":5,"lastFunction":10,"lastStatement":19,"seen":{"s:11:20:16:Infinity":0,"s:19:25:76:Infinity":1,"s:79:23:98:Infinity":2,"s:101:23:106:Infinity":3,"s:109:17:125:Infinity":4,"s:128:24:132:Infinity":5,"s:135:21:160:Infinity":6,"s:163:17:194:Infinity":7,"f:196:24:196:35":0,"s:197:2:792:Infinity":8,"f:355:37:355:38":1,"s:356:22:363:Infinity":9,"f:377:29:377:30":2,"s:378:14:381:Infinity":10,"f:462:34:462:35":3,"s:463:14:486:Infinity":11,"f:500:26:500:27":4,"s:501:14:529:Infinity":12,"f:507:38:507:39":5,"s:508:20:523:Infinity":13,"f:560:32:560:33":6,"s:561:32:561:Infinity":14,"s:562:14:578:Infinity":15,"b:565:19:565:Infinity:566:20:566:Infinity":0,"f:599:32:599:33":7,"s:600:14:621:Infinity":16,"f:635:30:635:31":8,"s:636:14:661:Infinity":17,"f:683:33:683:34":9,"s:684:14:711:Infinity":18,"b:688:22:688:Infinity:689:22:689:Infinity":1,"b:692:17:692:Infinity:693:18:695:Infinity":2,"b:706:41:706:53:706:53:706:Infinity":3,"b:709:33:709:52:709:52:709:Infinity":4}}}
,"C:\\Users\\coleg\\Downloads\\thinksenselabs_projects\\math-tutor-site\\src\\pages\\ResourcesPage.tsx": {"path":"C:\\Users\\coleg\\Downloads\\thinksenselabs_projects\\math-tutor-site\\src\\pages\\ResourcesPage.tsx","statementMap":{"0":{"start":{"line":3,"column":18},"end":{"line":34,"column":null}},"1":{"start":{"line":36,"column":22},"end":{"line":52,"column":null}},"2":{"start":{"line":54,"column":25},"end":{"line":70,"column":null}},"3":{"start":{"line":72,"column":17},"end":{"line":79,"column":null}},"4":{"start":{"line":82,"column":2},"end":{"line":247,"column":null}},"5":{"start":{"line":106,"column":14},"end":{"line":111,"column":null}},"6":{"start":{"line":131,"column":18},"end":{"line":157,"column":null}},"7":{"start":{"line":167,"column":18},"end":{"line":193,"column":null}},"8":{"start":{"line":213,"column":18},"end":{"line":218,"column":null}}},"fnMap":{"0":{"name":"ResourcesPage","decl":{"start":{"line":81,"column":24},"end":{"line":81,"column":40}},"loc":{"start":{"line":81,"column":40},"end":{"line":249,"column":null}},"line":81},"1":{"name":"(anonymous_1)","decl":{"start":{"line":105,"column":27},"end":{"line":105,"column":28}},"loc":{"start":{"line":106,"column":14},"end":{"line":111,"column":null}},"line":106},"2":{"name":"(anonymous_2)","decl":{"start":{"line":130,"column":35},"end":{"line":130,"column":36}},"loc":{"start":{"line":131,"column":18},"end":{"line":157,"column":null}},"line":131},"3":{"name":"(anonymous_3)","decl":{"start":{"line":166,"column":38},"end":{"line":166,"column":39}},"loc":{"start":{"line":167,"column":18},"end":{"line":193,"column":null}},"line":167},"4":{"name":"(anonymous_4)","decl":{"start":{"line":212,"column":30},"end":{"line":212,"column":31}},"loc":{"start":{"line":213,"column":18},"end":{"line":218,"column":null}},"line":213}},"branchMap":{},"s":{"0":1,"1":1,"2":1,"3":1,"4":0,"5":0,"6":0,"7":0,"8":0},"f":{"0":0,"1":0,"2":0,"3":0,"4":0},"b":{},"meta":{"lastBranch":0,"lastFunction":5,"lastStatement":9,"seen":{"s:3:18:34:Infinity":0,"s:36:22:52:Infinity":1,"s:54:25:70:Infinity":2,"s:72:17:79:Infinity":3,"f:81:24:81:40":0,"s:82:2:247:Infinity":4,"f:105:27:105:28":1,"s:106:14:111:Infinity":5,"f:130:35:130:36":2,"s:131:18:157:Infinity":6,"f:166:38:166:39":3,"s:167:18:193:Infinity":7,"f:212:30:212:31":4,"s:213:18:218:Infinity":8}}}
,"C:\\Users\\coleg\\Downloads\\thinksenselabs_projects\\math-tutor-site\\src\\pages\\SubjectsPage.tsx": {"path":"C:\\Users\\coleg\\Downloads\\thinksenselabs_projects\\math-tutor-site\\src\\pages\\SubjectsPage.tsx","statementMap":{"0":{"start":{"line":4,"column":19},"end":{"line":56,"column":null}},"1":{"start":{"line":59,"column":22},"end":{"line":80,"column":null}},"2":{"start":{"line":83,"column":2},"end":{"line":323,"column":null}},"3":{"start":{"line":109,"column":14},"end":{"line":145,"column":null}},"4":{"start":{"line":126,"column":22},"end":{"line":141,"column":null}},"5":{"start":{"line":233,"column":14},"end":{"line":261,"column":null}},"6":{"start":{"line":242,"column":22},"end":{"line":257,"column":null}}},"fnMap":{"0":{"name":"SubjectsPage","decl":{"start":{"line":82,"column":24},"end":{"line":82,"column":39}},"loc":{"start":{"line":82,"column":39},"end":{"line":325,"column":null}},"line":82},"1":{"name":"(anonymous_1)","decl":{"start":{"line":108,"column":28},"end":{"line":108,"column":29}},"loc":{"start":{"line":109,"column":14},"end":{"line":145,"column":null}},"line":109},"2":{"name":"(anonymous_2)","decl":{"start":{"line":125,"column":40},"end":{"line":125,"column":41}},"loc":{"start":{"line":126,"column":22},"end":{"line":141,"column":null}},"line":126},"3":{"name":"(anonymous_3)","decl":{"start":{"line":232,"column":31},"end":{"line":232,"column":32}},"loc":{"start":{"line":233,"column":14},"end":{"line":261,"column":null}},"line":233},"4":{"name":"(anonymous_4)","decl":{"start":{"line":241,"column":40},"end":{"line":241,"column":41}},"loc":{"start":{"line":242,"column":22},"end":{"line":257,"column":null}},"line":242}},"branchMap":{},"s":{"0":1,"1":1,"2":0,"3":0,"4":0,"5":0,"6":0},"f":{"0":0,"1":0,"2":0,"3":0,"4":0},"b":{},"meta":{"lastBranch":0,"lastFunction":5,"lastStatement":7,"seen":{"s:4:19:56:Infinity":0,"s:59:22:80:Infinity":1,"f:82:24:82:39":0,"s:83:2:323:Infinity":2,"f:108:28:108:29":1,"s:109:14:145:Infinity":3,"f:125:40:125:41":2,"s:126:22:141:Infinity":4,"f:232:31:232:32":3,"s:233:14:261:Infinity":5,"f:241:40:241:41":4,"s:242:22:257:Infinity":6}}}
}
